<?xml version="1.0" encoding="utf-8"?><testsuites name="pytest tests"><testsuite name="pytest" errors="0" failures="0" skipped="0" tests="25" time="4.300" timestamp="2026-02-15T07:14:32.683205+00:00" hostname="agent-env-13d305f1-0fe8-4964-8959-f0ffbaf750ff"><testcase classname="backend.tests.test_jobfill_api.TestHealthEndpoint" name="test_health_check_returns_200" time="0.168" /><testcase classname="backend.tests.test_jobfill_api.TestHealthEndpoint" name="test_health_check_response_structure" time="0.109" /><testcase classname="backend.tests.test_jobfill_api.TestProfileEndpoints" name="test_get_profile_returns_200" time="0.112" /><testcase classname="backend.tests.test_jobfill_api.TestProfileEndpoints" name="test_get_profile_has_personal_info" time="0.112" /><testcase classname="backend.tests.test_jobfill_api.TestProfileEndpoints" name="test_get_profile_has_work_experience" time="0.105" /><testcase classname="backend.tests.test_jobfill_api.TestProfileEndpoints" name="test_get_profile_has_education" time="0.139" /><testcase classname="backend.tests.test_jobfill_api.TestProfileEndpoints" name="test_get_profile_has_skills" time="0.129" /><testcase classname="backend.tests.test_jobfill_api.TestProfileEndpoints" name="test_get_profile_has_certifications" time="0.155" /><testcase classname="backend.tests.test_jobfill_api.TestProfileEndpoints" name="test_profile_reset_returns_200" time="0.127" /><testcase classname="backend.tests.test_jobfill_api.TestSettingsEndpoints" name="test_get_settings_returns_200" time="0.102" /><testcase classname="backend.tests.test_jobfill_api.TestSettingsEndpoints" name="test_get_settings_has_required_fields" time="0.114" /><testcase classname="backend.tests.test_jobfill_api.TestSettingsEndpoints" name="test_get_settings_has_supported_platforms" time="0.101" /><testcase classname="backend.tests.test_jobfill_api.TestSettingsEndpoints" name="test_get_settings_has_ai_provider" time="0.111" /><testcase classname="backend.tests.test_jobfill_api.TestApplicationsEndpoints" name="test_get_applications_returns_200" time="0.135" /><testcase classname="backend.tests.test_jobfill_api.TestApplicationsEndpoints" name="test_get_applications_response_structure" time="0.102" /><testcase classname="backend.tests.test_jobfill_api.TestApplicationsEndpoints" name="test_get_applications_with_limit" time="0.109" /><testcase classname="backend.tests.test_jobfill_api.TestApplicationsEndpoints" name="test_get_applications_stats_returns_200" time="0.118" /><testcase classname="backend.tests.test_jobfill_api.TestApplicationsEndpoints" name="test_get_applications_stats_structure" time="0.112" /><testcase classname="backend.tests.test_jobfill_api.TestApplicationsEndpoints" name="test_get_applications_export_returns_200" time="0.155" /><testcase classname="backend.tests.test_jobfill_api.TestApplicationsEndpoints" name="test_get_applications_export_structure" time="0.105" /><testcase classname="backend.tests.test_jobfill_api.TestApplicationsEndpoints" name="test_create_application_and_verify" time="0.471" /><testcase classname="backend.tests.test_jobfill_api.TestExtensionDownload" name="test_extension_download_returns_file" time="0.126" /><testcase classname="backend.tests.test_jobfill_api.TestExtensionDownload" name="test_extension_download_has_content" time="0.115" /><testcase classname="backend.tests.test_jobfill_api.TestAIFormAnalysis" name="test_analyze_form_returns_200" time="0.847" /><testcase classname="backend.tests.test_jobfill_api.TestAIFormAnalysis" name="test_analyze_form_returns_mappings" time="0.123" /></testsuite></testsuites>